#! /c/Source/iverilog-install/bin/vvp
:ivl_version "12.0 (devel)" "(s20150603-1110-g18392a46)";
:ivl_delay_selection "TYPICAL";
:vpi_time_precision + 0;
:vpi_module "C:\iverilog\lib\ivl\system.vpi";
:vpi_module "C:\iverilog\lib\ivl\vhdl_sys.vpi";
:vpi_module "C:\iverilog\lib\ivl\vhdl_textio.vpi";
:vpi_module "C:\iverilog\lib\ivl\v2005_math.vpi";
:vpi_module "C:\iverilog\lib\ivl\va_math.vpi";
S_00000239e4b94580 .scope module, "top_module" "top_module" 2 1;
 .timescale 0 0;
    .port_info 0 /INPUT 14 "in_binary";
    .port_info 1 /INPUT 1 "clk";
    .port_info 2 /INPUT 1 "rst_n";
    .port_info 3 /OUTPUT 16 "packed_bcd";
o00000239e4ba8188 .functor BUFZ 1, C4<z>; HiZ drive
v00000239e4b16d80_0 .net "clk", 0 0, o00000239e4ba8188;  0 drivers
o00000239e4ba81b8 .functor BUFZ 14, C4<zzzzzzzzzzzzzz>; HiZ drive
v00000239e4b16e20_0 .net "in_binary", 13 0, o00000239e4ba81b8;  0 drivers
v00000239e4b16ec0_0 .var "in_binary_", 13 0;
v00000239e4b16f60_0 .var "packed_bcd", 15 0;
v00000239e4b17000_0 .net "packed_bcd_", 15 0, L_00000239e4bed030;  1 drivers
o00000239e4ba8218 .functor BUFZ 1, C4<z>; HiZ drive
v00000239e4b170a0_0 .net "rst_n", 0 0, o00000239e4ba8218;  0 drivers
E_00000239e4b18c60 .event posedge, v00000239e4b16d80_0;
S_00000239e4b94710 .scope module, "ins1" "binary2bcd_div" 2 22, 2 27 0, S_00000239e4b94580;
 .timescale 0 0;
    .port_info 0 /INPUT 14 "in_binary";
    .port_info 1 /OUTPUT 16 "packed_bcd";
v00000239e4b948a0_0 .var "a", 13 0;
v00000239e4b94940 .array "digit", 3 0, 3 0;
v00000239e4ba6e60_0 .var/i "i", 31 0;
v00000239e4b16c40_0 .net "in_binary", 13 0, v00000239e4b16ec0_0;  1 drivers
v00000239e4b16ce0_0 .net "packed_bcd", 15 0, L_00000239e4bed030;  alias, 1 drivers
E_00000239e4b19420 .event anyedge, v00000239e4b16c40_0, v00000239e4b948a0_0;
v00000239e4b94940_0 .array/port v00000239e4b94940, 0;
v00000239e4b94940_1 .array/port v00000239e4b94940, 1;
v00000239e4b94940_2 .array/port v00000239e4b94940, 2;
v00000239e4b94940_3 .array/port v00000239e4b94940, 3;
L_00000239e4bed030 .concat [ 4 4 4 4], v00000239e4b94940_0, v00000239e4b94940_1, v00000239e4b94940_2, v00000239e4b94940_3;
    .scope S_00000239e4b94710;
T_0 ;
    %wait E_00000239e4b19420;
    %load/vec4 v00000239e4b16c40_0;
    %store/vec4 v00000239e4b948a0_0, 0, 14;
    %pushi/vec4 0, 0, 32;
    %store/vec4 v00000239e4ba6e60_0, 0, 32;
T_0.0 ;
    %load/vec4 v00000239e4ba6e60_0;
    %cmpi/s 4, 0, 32;
    %jmp/0xz T_0.1, 5;
    %load/vec4 v00000239e4b948a0_0;
    %pad/u 32;
    %pushi/vec4 10, 0, 32;
    %mod;
    %pad/u 4;
    %ix/getv/s 4, v00000239e4ba6e60_0;
    %store/vec4a v00000239e4b94940, 4, 0;
    %load/vec4 v00000239e4b948a0_0;
    %pad/u 32;
    %pushi/vec4 10, 0, 32;
    %div;
    %pad/u 14;
    %store/vec4 v00000239e4b948a0_0, 0, 14;
    %load/vec4 v00000239e4ba6e60_0;
    %addi 1, 0, 32;
    %store/vec4 v00000239e4ba6e60_0, 0, 32;
    %jmp T_0.0;
T_0.1 ;
    %jmp T_0;
    .thread T_0, $push;
    .scope S_00000239e4b94580;
T_1 ;
    %wait E_00000239e4b18c60;
    %load/vec4 v00000239e4b170a0_0;
    %inv;
    %flag_set/vec4 8;
    %jmp/0xz  T_1.0, 8;
    %pushi/vec4 0, 0, 14;
    %assign/vec4 v00000239e4b16ec0_0, 0;
    %pushi/vec4 0, 0, 16;
    %assign/vec4 v00000239e4b16f60_0, 0;
    %jmp T_1.1;
T_1.0 ;
    %load/vec4 v00000239e4b16e20_0;
    %assign/vec4 v00000239e4b16ec0_0, 0;
    %load/vec4 v00000239e4b17000_0;
    %assign/vec4 v00000239e4b16f60_0, 0;
T_1.1 ;
    %jmp T_1;
    .thread T_1;
# The file index is used to find the file name in the following table.
:file_names 3;
    "N/A";
    "<interactive>";
    "binary2bcd_div.v";
